[debug] [2024-03-01T11:04:07.477Z] ----------------------------------------------------------------------
[debug] [2024-03-01T11:04:07.479Z] Command:       C:\Program Files\nodejs\node.exe C:\Program Files\nodejs\node_modules\firebase-tools\lib\bin\firebase.js init
[debug] [2024-03-01T11:04:07.479Z] CLI Version:   13.4.0
[debug] [2024-03-01T11:04:07.480Z] Platform:      win32
[debug] [2024-03-01T11:04:07.480Z] Node Version:  v21.6.1
[debug] [2024-03-01T11:04:07.480Z] Time:          Fri Mar 01 2024 16:34:07 GMT+0530 (India Standard Time)
[debug] [2024-03-01T11:04:07.480Z] ----------------------------------------------------------------------
[debug] 
[debug] [2024-03-01T11:04:07.486Z] > command requires scopes: ["email","openid","https://www.googleapis.com/auth/cloudplatformprojects.readonly","https://www.googleapis.com/auth/firebase","https://www.googleapis.com/auth/cloud-platform"]
[debug] [2024-03-01T11:04:07.487Z] > authorizing via signed-in user (techprocodepro@gmail.com)
[info] 
     ######## #### ########  ######## ########     ###     ######  ########
     ##        ##  ##     ## ##       ##     ##  ##   ##  ##       ##
     ######    ##  ########  ######   ########  #########  ######  ######
     ##        ##  ##    ##  ##       ##     ## ##     ##       ## ##
     ##       #### ##     ## ######## ########  ##     ##  ######  ########

You're about to initialize a Firebase project in this directory:

  D:\vs code\webApplication\food-cart\frontend\public

[info] 
=== Project Setup
[info] 
[info] First, let's associate this project directory with a Firebase project.
[info] You can create multiple project aliases by running firebase use --add, 
[info] but for now we'll just set up a default project.
[info] 
[info] i  If you want to create a project in a Google Cloud organization or folder, please use "firebase projects:create" instead, and return to this command when you've created the project. 
[debug] [2024-03-01T11:04:18.534Z] >>> [apiv2][query] POST https://cloudresourcemanager.googleapis.com/v1/projects [none]
[debug] [2024-03-01T11:04:18.534Z] >>> [apiv2][body] POST https://cloudresourcemanager.googleapis.com/v1/projects {"projectId":"psaana","name":"psaana"}
[debug] [2024-03-01T11:04:20.600Z] <<< [apiv2][status] POST https://cloudresourcemanager.googleapis.com/v1/projects 200
[debug] [2024-03-01T11:04:20.600Z] <<< [apiv2][body] POST https://cloudresourcemanager.googleapis.com/v1/projects {"name":"operations/cp.5828368372531562241"}
[debug] [2024-03-01T11:04:20.601Z] >>> [apiv2][query] GET https://cloudresourcemanager.googleapis.com/v1/operations/cp.5828368372531562241 [none]
[debug] [2024-03-01T11:04:22.089Z] <<< [apiv2][status] GET https://cloudresourcemanager.googleapis.com/v1/operations/cp.5828368372531562241 200
[debug] [2024-03-01T11:04:22.089Z] <<< [apiv2][body] GET https://cloudresourcemanager.googleapis.com/v1/operations/cp.5828368372531562241 {"name":"operations/cp.5828368372531562241","metadata":{"@type":"type.googleapis.com/google.cloudresourcemanager.v1.ProjectCreationStatus","ready":true},"done":true,"error":{"code":9,"message":"Callers must accept Terms of Service","details":[{"@type":"type.googleapis.com/google.rpc.PreconditionFailure","violations":[{"type":"TOS","subject":"cloud","description":"Callers must accept Terms of Service"}]}]}}
[debug] [2024-03-01T11:04:22.218Z] FirebaseError: Callers must accept Terms of Service
    at OperationPoller.poll (C:\Users\wolve\AppData\Roaming\nvm\v21.6.1\node_modules\firebase-tools\lib\operation-poller.js:24:19)
    at process.processTicksAndRejections (node:internal/process/task_queues:95:5)
    at async createCloudProject (C:\Users\wolve\AppData\Roaming\nvm\v21.6.1\node_modules\firebase-tools\lib\management\projects.js:186:29)
    at async createFirebaseProjectAndLog (C:\Users\wolve\AppData\Roaming\nvm\v21.6.1\node_modules\firebase-tools\lib\management\projects.js:45:9)
    at async promptAndCreateNewProject (C:\Users\wolve\AppData\Roaming\nvm\v21.6.1\node_modules\firebase-tools\lib\init\features\project.js:32:12)
    at async doSetup (C:\Users\wolve\AppData\Roaming\nvm\v21.6.1\node_modules\firebase-tools\lib\init\features\project.js:88:27)
    at async init (C:\Users\wolve\AppData\Roaming\nvm\v21.6.1\node_modules\firebase-tools\lib\init\index.js:37:9)
[error] 
[error] Error: Failed to create project. See firebase-debug.log for more info.
